{"/Users/iibrath/projects/TestingIBMVelocity/TestingIBMVelocity/frontend/src/App.js": {"path":"/Users/iibrath/projects/TestingIBMVelocity/TestingIBMVelocity/frontend/src/App.js","statementMap":{"0":{"start":{"line":12,"column":30},"end":{"line":12,"column":44}},"1":{"start":{"line":13,"column":21},"end":{"line":13,"column":36}},"2":{"start":{"line":16,"column":2},"end":{"line":22,"column":15}},"3":{"start":{"line":17,"column":4},"end":{"line":21,"column":5}},"4":{"start":{"line":18,"column":6},"end":{"line":18,"column":53}},"5":{"start":{"line":20,"column":6},"end":{"line":20,"column":56}},"6":{"start":{"line":24,"column":2},"end":{"line":45,"column":4}}},"fnMap":{"0":{"name":"App","decl":{"start":{"line":11,"column":9},"end":{"line":11,"column":12}},"loc":{"start":{"line":11,"column":15},"end":{"line":46,"column":1}},"line":11},"1":{"name":"(anonymous_1)","decl":{"start":{"line":16,"column":18},"end":{"line":16,"column":19}},"loc":{"start":{"line":16,"column":24},"end":{"line":22,"column":3}},"line":16}},"branchMap":{"0":{"loc":{"start":{"line":17,"column":4},"end":{"line":21,"column":5}},"type":"if","locations":[{"start":{"line":17,"column":4},"end":{"line":21,"column":5}},{"start":{"line":19,"column":11},"end":{"line":21,"column":5}}],"line":17},"1":{"loc":{"start":{"line":28,"column":10},"end":{"line":28,"column":76}},"type":"cond-expr","locations":[{"start":{"line":28,"column":28},"end":{"line":28,"column":60}},{"start":{"line":28,"column":63},"end":{"line":28,"column":76}}],"line":28},"2":{"loc":{"start":{"line":31,"column":10},"end":{"line":31,"column":79}},"type":"cond-expr","locations":[{"start":{"line":31,"column":28},"end":{"line":31,"column":60}},{"start":{"line":31,"column":63},"end":{"line":31,"column":79}}],"line":31},"3":{"loc":{"start":{"line":41,"column":24},"end":{"line":41,"column":61}},"type":"cond-expr","locations":[{"start":{"line":41,"column":42},"end":{"line":41,"column":50}},{"start":{"line":41,"column":53},"end":{"line":41,"column":61}}],"line":41}},"s":{"0":0,"1":0,"2":0,"3":0,"4":0,"5":0,"6":0},"f":{"0":0,"1":0},"b":{"0":[0,0],"1":[0,0],"2":[0,0],"3":[0,0]}}
,"/Users/iibrath/projects/TestingIBMVelocity/TestingIBMVelocity/frontend/src/index.js": {"path":"/Users/iibrath/projects/TestingIBMVelocity/TestingIBMVelocity/frontend/src/index.js","statementMap":{"0":{"start":{"line":11,"column":20},"end":{"line":19,"column":2}},"1":{"start":{"line":21,"column":13},"end":{"line":21,"column":65}},"2":{"start":{"line":22,"column":0},"end":{"line":41,"column":2}}},"fnMap":{},"branchMap":{},"s":{"0":0,"1":0,"2":0},"f":{},"b":{}}
,"/Users/iibrath/projects/TestingIBMVelocity/TestingIBMVelocity/frontend/src/components/Layout.js": {"path":"/Users/iibrath/projects/TestingIBMVelocity/TestingIBMVelocity/frontend/src/components/Layout.js","statementMap":{"0":{"start":{"line":12,"column":15},"end":{"line":77,"column":1}},"1":{"start":{"line":13,"column":27},"end":{"line":13,"column":41}},"2":{"start":{"line":14,"column":34},"end":{"line":14,"column":49}},"3":{"start":{"line":16,"column":23},"end":{"line":18,"column":3}},"4":{"start":{"line":17,"column":4},"end":{"line":17,"column":13}},"5":{"start":{"line":20,"column":2},"end":{"line":76,"column":4}}},"fnMap":{"0":{"name":"(anonymous_0)","decl":{"start":{"line":12,"column":15},"end":{"line":12,"column":16}},"loc":{"start":{"line":12,"column":33},"end":{"line":77,"column":1}},"line":12},"1":{"name":"(anonymous_1)","decl":{"start":{"line":16,"column":23},"end":{"line":16,"column":24}},"loc":{"start":{"line":16,"column":29},"end":{"line":18,"column":3}},"line":16}},"branchMap":{"0":{"loc":{"start":{"line":40,"column":23},"end":{"line":40,"column":78}},"type":"cond-expr","locations":[{"start":{"line":40,"column":32},"end":{"line":40,"column":54}},{"start":{"line":40,"column":57},"end":{"line":40,"column":78}}],"line":40},"1":{"loc":{"start":{"line":42,"column":17},"end":{"line":46,"column":17}},"type":"cond-expr","locations":[{"start":{"line":43,"column":18},"end":{"line":43,"column":49}},{"start":{"line":45,"column":18},"end":{"line":45,"column":50}}],"line":42},"2":{"loc":{"start":{"line":54,"column":21},"end":{"line":54,"column":51}},"type":"binary-expr","locations":[{"start":{"line":54,"column":21},"end":{"line":54,"column":36}},{"start":{"line":54,"column":40},"end":{"line":54,"column":51}}],"line":54}},"s":{"0":0,"1":0,"2":0,"3":0,"4":0,"5":0},"f":{"0":0,"1":0},"b":{"0":[0,0],"1":[0,0],"2":[0,0]}}
,"/Users/iibrath/projects/TestingIBMVelocity/TestingIBMVelocity/frontend/src/components/ProtectedRoute.js": {"path":"/Users/iibrath/projects/TestingIBMVelocity/TestingIBMVelocity/frontend/src/components/ProtectedRoute.js","statementMap":{"0":{"start":{"line":5,"column":23},"end":{"line":13,"column":1}},"1":{"start":{"line":6,"column":37},"end":{"line":6,"column":51}},"2":{"start":{"line":8,"column":2},"end":{"line":10,"column":3}},"3":{"start":{"line":9,"column":4},"end":{"line":9,"column":44}},"4":{"start":{"line":12,"column":2},"end":{"line":12,"column":18}}},"fnMap":{"0":{"name":"(anonymous_0)","decl":{"start":{"line":5,"column":23},"end":{"line":5,"column":24}},"loc":{"start":{"line":5,"column":41},"end":{"line":13,"column":1}},"line":5}},"branchMap":{"0":{"loc":{"start":{"line":8,"column":2},"end":{"line":10,"column":3}},"type":"if","locations":[{"start":{"line":8,"column":2},"end":{"line":10,"column":3}},{"start":{},"end":{}}],"line":8},"1":{"loc":{"start":{"line":8,"column":6},"end":{"line":8,"column":32}},"type":"binary-expr","locations":[{"start":{"line":8,"column":6},"end":{"line":8,"column":22}},{"start":{"line":8,"column":26},"end":{"line":8,"column":32}}],"line":8}},"s":{"0":0,"1":0,"2":0,"3":0,"4":0},"f":{"0":0},"b":{"0":[0,0],"1":[0,0]}}
,"/Users/iibrath/projects/TestingIBMVelocity/TestingIBMVelocity/frontend/src/pages/LoginPage.js": {"path":"/Users/iibrath/projects/TestingIBMVelocity/TestingIBMVelocity/frontend/src/pages/LoginPage.js","statementMap":{"0":{"start":{"line":9,"column":18},"end":{"line":153,"column":1}},"1":{"start":{"line":10,"column":19},"end":{"line":10,"column":32}},"2":{"start":{"line":11,"column":31},"end":{"line":11,"column":45}},"3":{"start":{"line":12,"column":42},"end":{"line":12,"column":57}},"4":{"start":{"line":18,"column":6},"end":{"line":18,"column":15}},"5":{"start":{"line":20,"column":19},"end":{"line":39,"column":3}},"6":{"start":{"line":21,"column":4},"end":{"line":38,"column":5}},"7":{"start":{"line":22,"column":6},"end":{"line":22,"column":45}},"8":{"start":{"line":23,"column":6},"end":{"line":23,"column":37}},"9":{"start":{"line":24,"column":6},"end":{"line":24,"column":25}},"10":{"start":{"line":26,"column":6},"end":{"line":26,"column":43}},"11":{"start":{"line":27,"column":20},"end":{"line":27,"column":34}},"12":{"start":{"line":29,"column":6},"end":{"line":35,"column":7}},"13":{"start":{"line":30,"column":8},"end":{"line":32,"column":27}},"14":{"start":{"line":33,"column":13},"end":{"line":35,"column":7}},"15":{"start":{"line":34,"column":8},"end":{"line":34,"column":85}},"16":{"start":{"line":37,"column":6},"end":{"line":37,"column":27}},"17":{"start":{"line":41,"column":2},"end":{"line":152,"column":4}},"18":{"start":{"line":118,"column":33},"end":{"line":118,"column":63}}},"fnMap":{"0":{"name":"(anonymous_0)","decl":{"start":{"line":9,"column":18},"end":{"line":9,"column":19}},"loc":{"start":{"line":9,"column":24},"end":{"line":153,"column":1}},"line":9},"1":{"name":"(anonymous_1)","decl":{"start":{"line":20,"column":19},"end":{"line":20,"column":20}},"loc":{"start":{"line":20,"column":35},"end":{"line":39,"column":3}},"line":20},"2":{"name":"(anonymous_2)","decl":{"start":{"line":118,"column":27},"end":{"line":118,"column":28}},"loc":{"start":{"line":118,"column":33},"end":{"line":118,"column":63}},"line":118}},"branchMap":{"0":{"loc":{"start":{"line":29,"column":6},"end":{"line":35,"column":7}},"type":"if","locations":[{"start":{"line":29,"column":6},"end":{"line":35,"column":7}},{"start":{"line":33,"column":13},"end":{"line":35,"column":7}}],"line":29},"1":{"loc":{"start":{"line":30,"column":18},"end":{"line":32,"column":26}},"type":"cond-expr","locations":[{"start":{"line":31,"column":12},"end":{"line":31,"column":38}},{"start":{"line":32,"column":12},"end":{"line":32,"column":26}}],"line":30},"2":{"loc":{"start":{"line":33,"column":13},"end":{"line":35,"column":7}},"type":"if","locations":[{"start":{"line":33,"column":13},"end":{"line":35,"column":7}},{"start":{},"end":{}}],"line":33},"3":{"loc":{"start":{"line":34,"column":18},"end":{"line":34,"column":84}},"type":"cond-expr","locations":[{"start":{"line":34,"column":54},"end":{"line":34,"column":67}},{"start":{"line":34,"column":70},"end":{"line":34,"column":84}}],"line":34},"4":{"loc":{"start":{"line":92,"column":15},"end":{"line":94,"column":15}},"type":"binary-expr","locations":[{"start":{"line":92,"column":15},"end":{"line":92,"column":27}},{"start":{"line":93,"column":16},"end":{"line":93,"column":109}}],"line":92},"5":{"loc":{"start":{"line":110,"column":24},"end":{"line":110,"column":58}},"type":"cond-expr","locations":[{"start":{"line":110,"column":39},"end":{"line":110,"column":45}},{"start":{"line":110,"column":48},"end":{"line":110,"column":58}}],"line":110},"6":{"loc":{"start":{"line":120,"column":19},"end":{"line":124,"column":19}},"type":"cond-expr","locations":[{"start":{"line":121,"column":20},"end":{"line":121,"column":115}},{"start":{"line":123,"column":20},"end":{"line":123,"column":110}}],"line":120},"7":{"loc":{"start":{"line":127,"column":15},"end":{"line":129,"column":15}},"type":"binary-expr","locations":[{"start":{"line":127,"column":15},"end":{"line":127,"column":30}},{"start":{"line":128,"column":16},"end":{"line":128,"column":112}}],"line":127},"8":{"loc":{"start":{"line":139,"column":15},"end":{"line":146,"column":15}},"type":"cond-expr","locations":[{"start":{"line":140,"column":16},"end":{"line":143,"column":22}},{"start":{"line":145,"column":16},"end":{"line":145,"column":25}}],"line":139}},"s":{"0":0,"1":0,"2":0,"3":0,"4":0,"5":0,"6":0,"7":0,"8":0,"9":0,"10":0,"11":0,"12":0,"13":0,"14":0,"15":0,"16":0,"17":0,"18":0},"f":{"0":0,"1":0,"2":0},"b":{"0":[0,0],"1":[0,0],"2":[0,0],"3":[0,0],"4":[0,0],"5":[0,0],"6":[0,0],"7":[0,0],"8":[0,0]}}
,"/Users/iibrath/projects/TestingIBMVelocity/TestingIBMVelocity/frontend/src/pages/RegisterPage.js": {"path":"/Users/iibrath/projects/TestingIBMVelocity/TestingIBMVelocity/frontend/src/pages/RegisterPage.js","statementMap":{"0":{"start":{"line":9,"column":21},"end":{"line":202,"column":1}},"1":{"start":{"line":10,"column":19},"end":{"line":10,"column":32}},"2":{"start":{"line":11,"column":48},"end":{"line":11,"column":62}},"3":{"start":{"line":12,"column":42},"end":{"line":12,"column":57}},"4":{"start":{"line":19,"column":6},"end":{"line":19,"column":15}},"5":{"start":{"line":21,"column":19},"end":{"line":21,"column":40}},"6":{"start":{"line":23,"column":19},"end":{"line":46,"column":3}},"7":{"start":{"line":24,"column":4},"end":{"line":45,"column":5}},"8":{"start":{"line":25,"column":6},"end":{"line":29,"column":9}},"9":{"start":{"line":30,"column":6},"end":{"line":30,"column":69}},"10":{"start":{"line":31,"column":6},"end":{"line":31,"column":25}},"11":{"start":{"line":33,"column":6},"end":{"line":33,"column":50}},"12":{"start":{"line":34,"column":20},"end":{"line":34,"column":41}},"13":{"start":{"line":36,"column":6},"end":{"line":42,"column":7}},"14":{"start":{"line":37,"column":8},"end":{"line":39,"column":34}},"15":{"start":{"line":40,"column":13},"end":{"line":42,"column":7}},"16":{"start":{"line":41,"column":8},"end":{"line":41,"column":92}},"17":{"start":{"line":44,"column":6},"end":{"line":44,"column":27}},"18":{"start":{"line":48,"column":2},"end":{"line":201,"column":4}},"19":{"start":{"line":147,"column":33},"end":{"line":147,"column":63}},"20":{"start":{"line":169,"column":20},"end":{"line":169,"column":66}}},"fnMap":{"0":{"name":"(anonymous_0)","decl":{"start":{"line":9,"column":21},"end":{"line":9,"column":22}},"loc":{"start":{"line":9,"column":27},"end":{"line":202,"column":1}},"line":9},"1":{"name":"(anonymous_1)","decl":{"start":{"line":23,"column":19},"end":{"line":23,"column":20}},"loc":{"start":{"line":23,"column":35},"end":{"line":46,"column":3}},"line":23},"2":{"name":"(anonymous_2)","decl":{"start":{"line":147,"column":27},"end":{"line":147,"column":28}},"loc":{"start":{"line":147,"column":33},"end":{"line":147,"column":63}},"line":147},"3":{"name":"(anonymous_3)","decl":{"start":{"line":168,"column":28},"end":{"line":168,"column":29}},"loc":{"start":{"line":169,"column":20},"end":{"line":169,"column":66}},"line":169}},"branchMap":{"0":{"loc":{"start":{"line":36,"column":6},"end":{"line":42,"column":7}},"type":"if","locations":[{"start":{"line":36,"column":6},"end":{"line":42,"column":7}},{"start":{"line":40,"column":13},"end":{"line":42,"column":7}}],"line":36},"1":{"loc":{"start":{"line":37,"column":18},"end":{"line":39,"column":33}},"type":"cond-expr","locations":[{"start":{"line":38,"column":12},"end":{"line":38,"column":38}},{"start":{"line":39,"column":12},"end":{"line":39,"column":33}}],"line":37},"2":{"loc":{"start":{"line":40,"column":13},"end":{"line":42,"column":7}},"type":"if","locations":[{"start":{"line":40,"column":13},"end":{"line":42,"column":7}},{"start":{},"end":{}}],"line":40},"3":{"loc":{"start":{"line":41,"column":18},"end":{"line":41,"column":91}},"type":"cond-expr","locations":[{"start":{"line":41,"column":54},"end":{"line":41,"column":67}},{"start":{"line":41,"column":70},"end":{"line":41,"column":91}}],"line":41},"4":{"loc":{"start":{"line":99,"column":15},"end":{"line":101,"column":15}},"type":"binary-expr","locations":[{"start":{"line":99,"column":15},"end":{"line":99,"column":31}},{"start":{"line":100,"column":16},"end":{"line":100,"column":113}}],"line":99},"5":{"loc":{"start":{"line":121,"column":15},"end":{"line":123,"column":15}},"type":"binary-expr","locations":[{"start":{"line":121,"column":15},"end":{"line":121,"column":27}},{"start":{"line":122,"column":16},"end":{"line":122,"column":109}}],"line":121},"6":{"loc":{"start":{"line":139,"column":24},"end":{"line":139,"column":58}},"type":"cond-expr","locations":[{"start":{"line":139,"column":39},"end":{"line":139,"column":45}},{"start":{"line":139,"column":48},"end":{"line":139,"column":58}}],"line":139},"7":{"loc":{"start":{"line":149,"column":19},"end":{"line":153,"column":19}},"type":"cond-expr","locations":[{"start":{"line":150,"column":20},"end":{"line":150,"column":115}},{"start":{"line":152,"column":20},"end":{"line":152,"column":110}}],"line":149},"8":{"loc":{"start":{"line":156,"column":15},"end":{"line":158,"column":15}},"type":"binary-expr","locations":[{"start":{"line":156,"column":15},"end":{"line":156,"column":30}},{"start":{"line":157,"column":16},"end":{"line":157,"column":112}}],"line":156},"9":{"loc":{"start":{"line":169,"column":20},"end":{"line":169,"column":66}},"type":"binary-expr","locations":[{"start":{"line":169,"column":20},"end":{"line":169,"column":38}},{"start":{"line":169,"column":42},"end":{"line":169,"column":66}}],"line":169},"10":{"loc":{"start":{"line":176,"column":15},"end":{"line":178,"column":15}},"type":"binary-expr","locations":[{"start":{"line":176,"column":15},"end":{"line":176,"column":37}},{"start":{"line":177,"column":16},"end":{"line":177,"column":119}}],"line":176},"11":{"loc":{"start":{"line":188,"column":15},"end":{"line":195,"column":15}},"type":"cond-expr","locations":[{"start":{"line":189,"column":16},"end":{"line":192,"column":22}},{"start":{"line":194,"column":16},"end":{"line":194,"column":32}}],"line":188}},"s":{"0":0,"1":0,"2":0,"3":0,"4":0,"5":0,"6":0,"7":0,"8":0,"9":0,"10":0,"11":0,"12":0,"13":0,"14":0,"15":0,"16":0,"17":0,"18":0,"19":0,"20":0},"f":{"0":0,"1":0,"2":0,"3":0},"b":{"0":[0,0],"1":[0,0],"2":[0,0],"3":[0,0],"4":[0,0],"5":[0,0],"6":[0,0],"7":[0,0],"8":[0,0],"9":[0,0],"10":[0,0],"11":[0,0]}}
,"/Users/iibrath/projects/TestingIBMVelocity/TestingIBMVelocity/frontend/src/pages/TodosPage.js": {"path":"/Users/iibrath/projects/TestingIBMVelocity/TestingIBMVelocity/frontend/src/pages/TodosPage.js","statementMap":{"0":{"start":{"line":8,"column":0},"end":{"line":8,"column":61}},"1":{"start":{"line":10,"column":18},"end":{"line":288,"column":1}},"2":{"start":{"line":11,"column":38},"end":{"line":11,"column":50}},"3":{"start":{"line":12,"column":30},"end":{"line":12,"column":45}},"4":{"start":{"line":13,"column":32},"end":{"line":13,"column":44}},"5":{"start":{"line":15,"column":22},"end":{"line":15,"column":38}},"6":{"start":{"line":18,"column":42},"end":{"line":27,"column":3}},"7":{"start":{"line":20,"column":10},"end":{"line":23,"column":6}},"8":{"start":{"line":30,"column":29},"end":{"line":51,"column":4}},"9":{"start":{"line":32,"column":6},"end":{"line":32,"column":62}},"10":{"start":{"line":33,"column":6},"end":{"line":33,"column":47}},"11":{"start":{"line":34,"column":6},"end":{"line":36,"column":7}},"12":{"start":{"line":35,"column":8},"end":{"line":35,"column":56}},"13":{"start":{"line":37,"column":6},"end":{"line":39,"column":7}},"14":{"start":{"line":38,"column":8},"end":{"line":38,"column":67}},"15":{"start":{"line":40,"column":6},"end":{"line":40,"column":46}},"16":{"start":{"line":44,"column":6},"end":{"line":44,"column":45}},"17":{"start":{"line":45,"column":6},"end":{"line":45,"column":21}},"18":{"start":{"line":46,"column":6},"end":{"line":46,"column":37}},"19":{"start":{"line":49,"column":6},"end":{"line":49,"column":75}},"20":{"start":{"line":54,"column":29},"end":{"line":65,"column":3}},"21":{"start":{"line":55,"column":22},"end":{"line":55,"column":54}},"22":{"start":{"line":58,"column":8},"end":{"line":58,"column":47}},"23":{"start":{"line":59,"column":8},"end":{"line":59,"column":39}},"24":{"start":{"line":62,"column":8},"end":{"line":62,"column":77}},"25":{"start":{"line":68,"column":29},"end":{"line":76,"column":4}},"26":{"start":{"line":70,"column":6},"end":{"line":70,"column":45}},"27":{"start":{"line":71,"column":6},"end":{"line":71,"column":37}},"28":{"start":{"line":74,"column":6},"end":{"line":74,"column":75}},"29":{"start":{"line":78,"column":27},"end":{"line":87,"column":3}},"30":{"start":{"line":79,"column":4},"end":{"line":79,"column":23}},"31":{"start":{"line":80,"column":4},"end":{"line":80,"column":32}},"32":{"start":{"line":80,"column":25},"end":{"line":80,"column":32}},"33":{"start":{"line":82,"column":4},"end":{"line":86,"column":7}},"34":{"start":{"line":89,"column":31},"end":{"line":94,"column":3}},"35":{"start":{"line":90,"column":4},"end":{"line":93,"column":7}},"36":{"start":{"line":96,"column":27},"end":{"line":100,"column":3}},"37":{"start":{"line":97,"column":4},"end":{"line":99,"column":5}},"38":{"start":{"line":98,"column":6},"end":{"line":98,"column":40}},"39":{"start":{"line":102,"column":24},"end":{"line":106,"column":4}},"40":{"start":{"line":103,"column":4},"end":{"line":103,"column":52}},"41":{"start":{"line":103,"column":29},"end":{"line":103,"column":52}},"42":{"start":{"line":104,"column":4},"end":{"line":104,"column":54}},"43":{"start":{"line":104,"column":32},"end":{"line":104,"column":54}},"44":{"start":{"line":105,"column":4},"end":{"line":105,"column":16}},"45":{"start":{"line":108,"column":27},"end":{"line":115,"column":3}},"46":{"start":{"line":109,"column":4},"end":{"line":114,"column":5}},"47":{"start":{"line":110,"column":19},"end":{"line":110,"column":86}},"48":{"start":{"line":111,"column":21},"end":{"line":111,"column":100}},"49":{"start":{"line":112,"column":18},"end":{"line":112,"column":93}},"50":{"start":{"line":113,"column":15},"end":{"line":113,"column":86}},"51":{"start":{"line":117,"column":27},"end":{"line":125,"column":3}},"52":{"start":{"line":118,"column":4},"end":{"line":124,"column":5}},"53":{"start":{"line":119,"column":19},"end":{"line":119,"column":90}},"54":{"start":{"line":120,"column":23},"end":{"line":120,"column":102}},"55":{"start":{"line":121,"column":23},"end":{"line":121,"column":98}},"56":{"start":{"line":122,"column":21},"end":{"line":122,"column":88}},"57":{"start":{"line":123,"column":15},"end":{"line":123,"column":86}},"58":{"start":{"line":127,"column":2},"end":{"line":287,"column":4}},"59":{"start":{"line":152,"column":33},"end":{"line":152,"column":59}},"60":{"start":{"line":177,"column":33},"end":{"line":177,"column":62}},"61":{"start":{"line":186,"column":16},"end":{"line":196,"column":25}},"62":{"start":{"line":188,"column":33},"end":{"line":188,"column":54}},"63":{"start":{"line":217,"column":14},"end":{"line":281,"column":27}},"64":{"start":{"line":229,"column":35},"end":{"line":229,"column":61}},"65":{"start":{"line":273,"column":35},"end":{"line":273,"column":60}}},"fnMap":{"0":{"name":"(anonymous_0)","decl":{"start":{"line":10,"column":18},"end":{"line":10,"column":19}},"loc":{"start":{"line":10,"column":24},"end":{"line":288,"column":1}},"line":10},"1":{"name":"(anonymous_1)","decl":{"start":{"line":20,"column":4},"end":{"line":20,"column":5}},"loc":{"start":{"line":20,"column":10},"end":{"line":23,"column":6}},"line":20},"2":{"name":"(anonymous_2)","decl":{"start":{"line":31,"column":4},"end":{"line":31,"column":5}},"loc":{"start":{"line":31,"column":18},"end":{"line":41,"column":5}},"line":31},"3":{"name":"(anonymous_3)","decl":{"start":{"line":43,"column":15},"end":{"line":43,"column":16}},"loc":{"start":{"line":43,"column":21},"end":{"line":47,"column":5}},"line":43},"4":{"name":"(anonymous_4)","decl":{"start":{"line":48,"column":13},"end":{"line":48,"column":14}},"loc":{"start":{"line":48,"column":24},"end":{"line":50,"column":5}},"line":48},"5":{"name":"(anonymous_5)","decl":{"start":{"line":55,"column":4},"end":{"line":55,"column":5}},"loc":{"start":{"line":55,"column":22},"end":{"line":55,"column":54}},"line":55},"6":{"name":"(anonymous_6)","decl":{"start":{"line":57,"column":17},"end":{"line":57,"column":18}},"loc":{"start":{"line":57,"column":23},"end":{"line":60,"column":7}},"line":57},"7":{"name":"(anonymous_7)","decl":{"start":{"line":61,"column":15},"end":{"line":61,"column":16}},"loc":{"start":{"line":61,"column":26},"end":{"line":63,"column":7}},"line":61},"8":{"name":"(anonymous_8)","decl":{"start":{"line":69,"column":15},"end":{"line":69,"column":16}},"loc":{"start":{"line":69,"column":21},"end":{"line":72,"column":5}},"line":69},"9":{"name":"(anonymous_9)","decl":{"start":{"line":73,"column":13},"end":{"line":73,"column":14}},"loc":{"start":{"line":73,"column":24},"end":{"line":75,"column":5}},"line":73},"10":{"name":"(anonymous_10)","decl":{"start":{"line":78,"column":27},"end":{"line":78,"column":28}},"loc":{"start":{"line":78,"column":34},"end":{"line":87,"column":3}},"line":78},"11":{"name":"(anonymous_11)","decl":{"start":{"line":89,"column":31},"end":{"line":89,"column":32}},"loc":{"start":{"line":89,"column":41},"end":{"line":94,"column":3}},"line":89},"12":{"name":"(anonymous_12)","decl":{"start":{"line":96,"column":27},"end":{"line":96,"column":28}},"loc":{"start":{"line":96,"column":39},"end":{"line":100,"column":3}},"line":96},"13":{"name":"(anonymous_13)","decl":{"start":{"line":102,"column":37},"end":{"line":102,"column":38}},"loc":{"start":{"line":102,"column":45},"end":{"line":106,"column":3}},"line":102},"14":{"name":"(anonymous_14)","decl":{"start":{"line":108,"column":27},"end":{"line":108,"column":28}},"loc":{"start":{"line":108,"column":41},"end":{"line":115,"column":3}},"line":108},"15":{"name":"(anonymous_15)","decl":{"start":{"line":117,"column":27},"end":{"line":117,"column":28}},"loc":{"start":{"line":117,"column":41},"end":{"line":125,"column":3}},"line":117},"16":{"name":"(anonymous_16)","decl":{"start":{"line":152,"column":26},"end":{"line":152,"column":27}},"loc":{"start":{"line":152,"column":33},"end":{"line":152,"column":59}},"line":152},"17":{"name":"(anonymous_17)","decl":{"start":{"line":177,"column":26},"end":{"line":177,"column":27}},"loc":{"start":{"line":177,"column":33},"end":{"line":177,"column":62}},"line":177},"18":{"name":"(anonymous_18)","decl":{"start":{"line":185,"column":50},"end":{"line":185,"column":51}},"loc":{"start":{"line":186,"column":16},"end":{"line":196,"column":25}},"line":186},"19":{"name":"(anonymous_19)","decl":{"start":{"line":188,"column":27},"end":{"line":188,"column":28}},"loc":{"start":{"line":188,"column":33},"end":{"line":188,"column":54}},"line":188},"20":{"name":"(anonymous_20)","decl":{"start":{"line":216,"column":30},"end":{"line":216,"column":31}},"loc":{"start":{"line":217,"column":14},"end":{"line":281,"column":27}},"line":217},"21":{"name":"(anonymous_21)","decl":{"start":{"line":229,"column":29},"end":{"line":229,"column":30}},"loc":{"start":{"line":229,"column":35},"end":{"line":229,"column":61}},"line":229},"22":{"name":"(anonymous_22)","decl":{"start":{"line":273,"column":29},"end":{"line":273,"column":30}},"loc":{"start":{"line":273,"column":35},"end":{"line":273,"column":60}},"line":273}},"branchMap":{"0":{"loc":{"start":{"line":18,"column":16},"end":{"line":18,"column":26}},"type":"default-arg","locations":[{"start":{"line":18,"column":24},"end":{"line":18,"column":26}}],"line":18},"1":{"loc":{"start":{"line":19,"column":47},"end":{"line":19,"column":100}},"type":"cond-expr","locations":[{"start":{"line":19,"column":66},"end":{"line":19,"column":75}},{"start":{"line":19,"column":78},"end":{"line":19,"column":100}}],"line":19},"2":{"loc":{"start":{"line":21,"column":14},"end":{"line":21,"column":37}},"type":"binary-expr","locations":[{"start":{"line":21,"column":14},"end":{"line":21,"column":24}},{"start":{"line":21,"column":28},"end":{"line":21,"column":37}}],"line":21},"3":{"loc":{"start":{"line":22,"column":17},"end":{"line":22,"column":70}},"type":"cond-expr","locations":[{"start":{"line":22,"column":36},"end":{"line":22,"column":45}},{"start":{"line":22,"column":48},"end":{"line":22,"column":70}}],"line":22},"4":{"loc":{"start":{"line":34,"column":6},"end":{"line":36,"column":7}},"type":"if","locations":[{"start":{"line":34,"column":6},"end":{"line":36,"column":7}},{"start":{},"end":{}}],"line":34},"5":{"loc":{"start":{"line":37,"column":6},"end":{"line":39,"column":7}},"type":"if","locations":[{"start":{"line":37,"column":6},"end":{"line":39,"column":7}},{"start":{},"end":{}}],"line":37},"6":{"loc":{"start":{"line":49,"column":18},"end":{"line":49,"column":73}},"type":"binary-expr","locations":[{"start":{"line":49,"column":18},"end":{"line":49,"column":46}},{"start":{"line":49,"column":50},"end":{"line":49,"column":73}}],"line":49},"7":{"loc":{"start":{"line":62,"column":20},"end":{"line":62,"column":75}},"type":"binary-expr","locations":[{"start":{"line":62,"column":20},"end":{"line":62,"column":48}},{"start":{"line":62,"column":52},"end":{"line":62,"column":75}}],"line":62},"8":{"loc":{"start":{"line":74,"column":18},"end":{"line":74,"column":73}},"type":"binary-expr","locations":[{"start":{"line":74,"column":18},"end":{"line":74,"column":46}},{"start":{"line":74,"column":50},"end":{"line":74,"column":73}}],"line":74},"9":{"loc":{"start":{"line":80,"column":4},"end":{"line":80,"column":32}},"type":"if","locations":[{"start":{"line":80,"column":4},"end":{"line":80,"column":32}},{"start":{},"end":{}}],"line":80},"10":{"loc":{"start":{"line":97,"column":4},"end":{"line":99,"column":5}},"type":"if","locations":[{"start":{"line":97,"column":4},"end":{"line":99,"column":5}},{"start":{},"end":{}}],"line":97},"11":{"loc":{"start":{"line":103,"column":4},"end":{"line":103,"column":52}},"type":"if","locations":[{"start":{"line":103,"column":4},"end":{"line":103,"column":52}},{"start":{},"end":{}}],"line":103},"12":{"loc":{"start":{"line":104,"column":4},"end":{"line":104,"column":54}},"type":"if","locations":[{"start":{"line":104,"column":4},"end":{"line":104,"column":54}},{"start":{},"end":{}}],"line":104},"13":{"loc":{"start":{"line":109,"column":4},"end":{"line":114,"column":5}},"type":"switch","locations":[{"start":{"line":110,"column":6},"end":{"line":110,"column":86}},{"start":{"line":111,"column":6},"end":{"line":111,"column":100}},{"start":{"line":112,"column":6},"end":{"line":112,"column":93}},{"start":{"line":113,"column":6},"end":{"line":113,"column":86}}],"line":109},"14":{"loc":{"start":{"line":118,"column":4},"end":{"line":124,"column":5}},"type":"switch","locations":[{"start":{"line":119,"column":6},"end":{"line":119,"column":90}},{"start":{"line":120,"column":6},"end":{"line":120,"column":102}},{"start":{"line":121,"column":6},"end":{"line":121,"column":98}},{"start":{"line":122,"column":6},"end":{"line":122,"column":88}},{"start":{"line":123,"column":6},"end":{"line":123,"column":86}}],"line":118},"15":{"loc":{"start":{"line":159,"column":24},"end":{"line":159,"column":71}},"type":"binary-expr","locations":[{"start":{"line":159,"column":24},"end":{"line":159,"column":39}},{"start":{"line":159,"column":43},"end":{"line":159,"column":71}}],"line":159},"16":{"loc":{"start":{"line":190,"column":20},"end":{"line":192,"column":124}},"type":"cond-expr","locations":[{"start":{"line":191,"column":24},"end":{"line":191,"column":51}},{"start":{"line":192,"column":24},"end":{"line":192,"column":124}}],"line":190},"17":{"loc":{"start":{"line":204,"column":11},"end":{"line":283,"column":11}},"type":"cond-expr","locations":[{"start":{"line":205,"column":12},"end":{"line":208,"column":18}},{"start":{"line":209,"column":14},"end":{"line":283,"column":11}}],"line":204},"18":{"loc":{"start":{"line":209,"column":14},"end":{"line":283,"column":11}},"type":"cond-expr","locations":[{"start":{"line":210,"column":12},"end":{"line":214,"column":18}},{"start":{"line":216,"column":12},"end":{"line":282,"column":14}}],"line":209},"19":{"loc":{"start":{"line":212,"column":17},"end":{"line":212,"column":109}},"type":"cond-expr","locations":[{"start":{"line":212,"column":30},"end":{"line":212,"column":68}},{"start":{"line":212,"column":71},"end":{"line":212,"column":109}}],"line":212},"20":{"loc":{"start":{"line":223,"column":18},"end":{"line":223,"column":52}},"type":"cond-expr","locations":[{"start":{"line":223,"column":35},"end":{"line":223,"column":47}},{"start":{"line":223,"column":50},"end":{"line":223,"column":52}}],"line":223},"21":{"loc":{"start":{"line":231,"column":22},"end":{"line":233,"column":89}},"type":"cond-expr","locations":[{"start":{"line":232,"column":26},"end":{"line":232,"column":72}},{"start":{"line":233,"column":26},"end":{"line":233,"column":89}}],"line":231},"22":{"loc":{"start":{"line":236,"column":21},"end":{"line":240,"column":21}},"type":"binary-expr","locations":[{"start":{"line":236,"column":21},"end":{"line":236,"column":35}},{"start":{"line":237,"column":22},"end":{"line":239,"column":28}}],"line":236},"23":{"loc":{"start":{"line":246,"column":22},"end":{"line":248,"column":57}},"type":"cond-expr","locations":[{"start":{"line":247,"column":26},"end":{"line":247,"column":73}},{"start":{"line":248,"column":26},"end":{"line":248,"column":57}}],"line":246},"24":{"loc":{"start":{"line":252,"column":21},"end":{"line":260,"column":21}},"type":"binary-expr","locations":[{"start":{"line":252,"column":21},"end":{"line":252,"column":37}},{"start":{"line":253,"column":22},"end":{"line":259,"column":26}}],"line":252},"25":{"loc":{"start":{"line":254,"column":24},"end":{"line":256,"column":62}},"type":"cond-expr","locations":[{"start":{"line":255,"column":28},"end":{"line":255,"column":75}},{"start":{"line":256,"column":28},"end":{"line":256,"column":62}}],"line":254}},"s":{"0":0,"1":0,"2":0,"3":0,"4":0,"5":0,"6":0,"7":0,"8":0,"9":0,"10":0,"11":0,"12":0,"13":0,"14":0,"15":0,"16":0,"17":0,"18":0,"19":0,"20":0,"21":0,"22":0,"23":0,"24":0,"25":0,"26":0,"27":0,"28":0,"29":0,"30":0,"31":0,"32":0,"33":0,"34":0,"35":0,"36":0,"37":0,"38":0,"39":0,"40":0,"41":0,"42":0,"43":0,"44":0,"45":0,"46":0,"47":0,"48":0,"49":0,"50":0,"51":0,"52":0,"53":0,"54":0,"55":0,"56":0,"57":0,"58":0,"59":0,"60":0,"61":0,"62":0,"63":0,"64":0,"65":0},"f":{"0":0,"1":0,"2":0,"3":0,"4":0,"5":0,"6":0,"7":0,"8":0,"9":0,"10":0,"11":0,"12":0,"13":0,"14":0,"15":0,"16":0,"17":0,"18":0,"19":0,"20":0,"21":0,"22":0},"b":{"0":[0],"1":[0,0],"2":[0,0],"3":[0,0],"4":[0,0],"5":[0,0],"6":[0,0],"7":[0,0],"8":[0,0],"9":[0,0],"10":[0,0],"11":[0,0],"12":[0,0],"13":[0,0,0,0],"14":[0,0,0,0,0],"15":[0,0],"16":[0,0],"17":[0,0],"18":[0,0],"19":[0,0],"20":[0,0],"21":[0,0],"22":[0,0],"23":[0,0],"24":[0,0],"25":[0,0]}}
,"/Users/iibrath/projects/TestingIBMVelocity/TestingIBMVelocity/frontend/src/services/authService.js": {"path":"/Users/iibrath/projects/TestingIBMVelocity/TestingIBMVelocity/frontend/src/services/authService.js","statementMap":{"0":{"start":{"line":3,"column":16},"end":{"line":3,"column":72}},"1":{"start":{"line":7,"column":4},"end":{"line":12,"column":7}},"2":{"start":{"line":15,"column":4},"end":{"line":24,"column":6}},"3":{"start":{"line":17,"column":22},"end":{"line":17,"column":56}},"4":{"start":{"line":18,"column":8},"end":{"line":20,"column":9}},"5":{"start":{"line":19,"column":10},"end":{"line":19,"column":59}},"6":{"start":{"line":21,"column":8},"end":{"line":21,"column":22}},"7":{"start":{"line":23,"column":17},"end":{"line":23,"column":38}},"8":{"start":{"line":27,"column":4},"end":{"line":36,"column":6}},"9":{"start":{"line":28,"column":20},"end":{"line":28,"column":28}},"10":{"start":{"line":30,"column":8},"end":{"line":33,"column":9}},"11":{"start":{"line":31,"column":10},"end":{"line":31,"column":48}},"12":{"start":{"line":32,"column":10},"end":{"line":32,"column":42}},"13":{"start":{"line":34,"column":8},"end":{"line":34,"column":37}},"14":{"start":{"line":40,"column":19},"end":{"line":40,"column":40}},"15":{"start":{"line":41,"column":4},"end":{"line":41,"column":34}},"16":{"start":{"line":42,"column":4},"end":{"line":42,"column":40}},"17":{"start":{"line":44,"column":21},"end":{"line":48,"column":6}},"18":{"start":{"line":50,"column":35},"end":{"line":50,"column":48}},"19":{"start":{"line":53,"column":4},"end":{"line":53,"column":53}},"20":{"start":{"line":55,"column":4},"end":{"line":55,"column":34}},"21":{"start":{"line":59,"column":21},"end":{"line":59,"column":68}},"22":{"start":{"line":60,"column":4},"end":{"line":60,"column":25}},"23":{"start":{"line":64,"column":21},"end":{"line":64,"column":51}},"24":{"start":{"line":65,"column":4},"end":{"line":65,"column":25}},"25":{"start":{"line":69,"column":4},"end":{"line":69,"column":42}},"26":{"start":{"line":73,"column":27},"end":{"line":73,"column":44}}},"fnMap":{"0":{"name":"(anonymous_0)","decl":{"start":{"line":6,"column":2},"end":{"line":6,"column":3}},"loc":{"start":{"line":6,"column":16},"end":{"line":37,"column":3}},"line":6},"1":{"name":"(anonymous_1)","decl":{"start":{"line":16,"column":6},"end":{"line":16,"column":7}},"loc":{"start":{"line":16,"column":18},"end":{"line":22,"column":7}},"line":16},"2":{"name":"(anonymous_2)","decl":{"start":{"line":23,"column":6},"end":{"line":23,"column":7}},"loc":{"start":{"line":23,"column":17},"end":{"line":23,"column":38}},"line":23},"3":{"name":"(anonymous_3)","decl":{"start":{"line":28,"column":6},"end":{"line":28,"column":7}},"loc":{"start":{"line":28,"column":20},"end":{"line":28,"column":28}},"line":28},"4":{"name":"(anonymous_4)","decl":{"start":{"line":29,"column":6},"end":{"line":29,"column":7}},"loc":{"start":{"line":29,"column":17},"end":{"line":35,"column":7}},"line":29},"5":{"name":"(anonymous_5)","decl":{"start":{"line":39,"column":2},"end":{"line":39,"column":3}},"loc":{"start":{"line":39,"column":31},"end":{"line":56,"column":3}},"line":39},"6":{"name":"(anonymous_6)","decl":{"start":{"line":58,"column":2},"end":{"line":58,"column":3}},"loc":{"start":{"line":58,"column":27},"end":{"line":61,"column":3}},"line":58},"7":{"name":"(anonymous_7)","decl":{"start":{"line":63,"column":2},"end":{"line":63,"column":3}},"loc":{"start":{"line":63,"column":25},"end":{"line":66,"column":3}},"line":63},"8":{"name":"(anonymous_8)","decl":{"start":{"line":68,"column":2},"end":{"line":68,"column":3}},"loc":{"start":{"line":68,"column":11},"end":{"line":70,"column":3}},"line":68}},"branchMap":{"0":{"loc":{"start":{"line":3,"column":16},"end":{"line":3,"column":72}},"type":"binary-expr","locations":[{"start":{"line":3,"column":16},"end":{"line":3,"column":45}},{"start":{"line":3,"column":49},"end":{"line":3,"column":72}}],"line":3},"1":{"loc":{"start":{"line":18,"column":8},"end":{"line":20,"column":9}},"type":"if","locations":[{"start":{"line":18,"column":8},"end":{"line":20,"column":9}},{"start":{},"end":{}}],"line":18},"2":{"loc":{"start":{"line":30,"column":8},"end":{"line":33,"column":9}},"type":"if","locations":[{"start":{"line":30,"column":8},"end":{"line":33,"column":9}},{"start":{},"end":{}}],"line":30}},"s":{"0":0,"1":0,"2":0,"3":0,"4":0,"5":0,"6":0,"7":0,"8":0,"9":0,"10":0,"11":0,"12":0,"13":0,"14":0,"15":0,"16":0,"17":0,"18":0,"19":0,"20":0,"21":0,"22":0,"23":0,"24":0,"25":0,"26":0},"f":{"0":0,"1":0,"2":0,"3":0,"4":0,"5":0,"6":0,"7":0,"8":0},"b":{"0":[0,0],"1":[0,0],"2":[0,0]}}
,"/Users/iibrath/projects/TestingIBMVelocity/TestingIBMVelocity/frontend/src/services/todoService.js": {"path":"/Users/iibrath/projects/TestingIBMVelocity/TestingIBMVelocity/frontend/src/services/todoService.js","statementMap":{"0":{"start":{"line":3,"column":0},"end":{"line":3,"column":43}},"1":{"start":{"line":4,"column":0},"end":{"line":4,"column":54}},"2":{"start":{"line":6,"column":16},"end":{"line":6,"column":72}},"3":{"start":{"line":7,"column":0},"end":{"line":7,"column":49}},"4":{"start":{"line":11,"column":4},"end":{"line":11,"column":50}},"5":{"start":{"line":12,"column":4},"end":{"line":12,"column":33}},"6":{"start":{"line":13,"column":4},"end":{"line":18,"column":7}},"7":{"start":{"line":19,"column":4},"end":{"line":19,"column":47}},"8":{"start":{"line":22,"column":4},"end":{"line":31,"column":6}},"9":{"start":{"line":24,"column":22},"end":{"line":24,"column":56}},"10":{"start":{"line":25,"column":8},"end":{"line":27,"column":9}},"11":{"start":{"line":26,"column":10},"end":{"line":26,"column":59}},"12":{"start":{"line":28,"column":8},"end":{"line":28,"column":22}},"13":{"start":{"line":30,"column":17},"end":{"line":30,"column":38}},"14":{"start":{"line":35,"column":21},"end":{"line":35,"column":61}},"15":{"start":{"line":36,"column":4},"end":{"line":36,"column":25}},"16":{"start":{"line":40,"column":21},"end":{"line":40,"column":55}},"17":{"start":{"line":41,"column":4},"end":{"line":41,"column":25}},"18":{"start":{"line":45,"column":4},"end":{"line":45,"column":53}},"19":{"start":{"line":46,"column":4},"end":{"line":46,"column":39}},"20":{"start":{"line":47,"column":21},"end":{"line":47,"column":60}},"21":{"start":{"line":48,"column":4},"end":{"line":48,"column":25}},"22":{"start":{"line":52,"column":21},"end":{"line":52,"column":65}},"23":{"start":{"line":53,"column":4},"end":{"line":53,"column":25}},"24":{"start":{"line":57,"column":21},"end":{"line":57,"column":58}},"25":{"start":{"line":58,"column":4},"end":{"line":58,"column":25}},"26":{"start":{"line":62,"column":21},"end":{"line":62,"column":63}},"27":{"start":{"line":63,"column":4},"end":{"line":63,"column":25}},"28":{"start":{"line":67,"column":0},"end":{"line":67,"column":61}},"29":{"start":{"line":68,"column":27},"end":{"line":68,"column":44}},"30":{"start":{"line":69,"column":0},"end":{"line":69,"column":65}}},"fnMap":{"0":{"name":"(anonymous_0)","decl":{"start":{"line":10,"column":2},"end":{"line":10,"column":3}},"loc":{"start":{"line":10,"column":16},"end":{"line":32,"column":3}},"line":10},"1":{"name":"(anonymous_1)","decl":{"start":{"line":23,"column":6},"end":{"line":23,"column":7}},"loc":{"start":{"line":23,"column":18},"end":{"line":29,"column":7}},"line":23},"2":{"name":"(anonymous_2)","decl":{"start":{"line":30,"column":6},"end":{"line":30,"column":7}},"loc":{"start":{"line":30,"column":17},"end":{"line":30,"column":38}},"line":30},"3":{"name":"(anonymous_3)","decl":{"start":{"line":34,"column":2},"end":{"line":34,"column":3}},"loc":{"start":{"line":34,"column":30},"end":{"line":37,"column":3}},"line":34},"4":{"name":"(anonymous_4)","decl":{"start":{"line":39,"column":2},"end":{"line":39,"column":3}},"loc":{"start":{"line":39,"column":20},"end":{"line":42,"column":3}},"line":39},"5":{"name":"(anonymous_5)","decl":{"start":{"line":44,"column":2},"end":{"line":44,"column":3}},"loc":{"start":{"line":44,"column":29},"end":{"line":49,"column":3}},"line":44},"6":{"name":"(anonymous_6)","decl":{"start":{"line":51,"column":2},"end":{"line":51,"column":3}},"loc":{"start":{"line":51,"column":33},"end":{"line":54,"column":3}},"line":51},"7":{"name":"(anonymous_7)","decl":{"start":{"line":56,"column":2},"end":{"line":56,"column":3}},"loc":{"start":{"line":56,"column":23},"end":{"line":59,"column":3}},"line":56},"8":{"name":"(anonymous_8)","decl":{"start":{"line":61,"column":2},"end":{"line":61,"column":3}},"loc":{"start":{"line":61,"column":23},"end":{"line":64,"column":3}},"line":61}},"branchMap":{"0":{"loc":{"start":{"line":6,"column":16},"end":{"line":6,"column":72}},"type":"binary-expr","locations":[{"start":{"line":6,"column":16},"end":{"line":6,"column":45}},{"start":{"line":6,"column":49},"end":{"line":6,"column":72}}],"line":6},"1":{"loc":{"start":{"line":25,"column":8},"end":{"line":27,"column":9}},"type":"if","locations":[{"start":{"line":25,"column":8},"end":{"line":27,"column":9}},{"start":{},"end":{}}],"line":25},"2":{"loc":{"start":{"line":34,"column":17},"end":{"line":34,"column":28}},"type":"default-arg","locations":[{"start":{"line":34,"column":26},"end":{"line":34,"column":28}}],"line":34}},"s":{"0":0,"1":0,"2":0,"3":0,"4":0,"5":0,"6":0,"7":0,"8":0,"9":0,"10":0,"11":0,"12":0,"13":0,"14":0,"15":0,"16":0,"17":0,"18":0,"19":0,"20":0,"21":0,"22":0,"23":0,"24":0,"25":0,"26":0,"27":0,"28":0,"29":0,"30":0},"f":{"0":0,"1":0,"2":0,"3":0,"4":0,"5":0,"6":0,"7":0,"8":0},"b":{"0":[0,0],"1":[0,0],"2":[0]}}
,"/Users/iibrath/projects/TestingIBMVelocity/TestingIBMVelocity/frontend/src/stores/authStore.js": {"path":"/Users/iibrath/projects/TestingIBMVelocity/TestingIBMVelocity/frontend/src/stores/authStore.js","statementMap":{"0":{"start":{"line":5,"column":28},"end":{"line":84,"column":1}},"1":{"start":{"line":7,"column":19},"end":{"line":74,"column":5}},"2":{"start":{"line":14,"column":8},"end":{"line":14,"column":33}},"3":{"start":{"line":15,"column":8},"end":{"line":27,"column":9}},"4":{"start":{"line":16,"column":27},"end":{"line":16,"column":67}},"5":{"start":{"line":17,"column":10},"end":{"line":22,"column":13}},"6":{"start":{"line":23,"column":10},"end":{"line":23,"column":26}},"7":{"start":{"line":25,"column":10},"end":{"line":25,"column":36}},"8":{"start":{"line":26,"column":10},"end":{"line":26,"column":22}},"9":{"start":{"line":31,"column":8},"end":{"line":31,"column":33}},"10":{"start":{"line":32,"column":8},"end":{"line":39,"column":9}},"11":{"start":{"line":33,"column":27},"end":{"line":33,"column":63}},"12":{"start":{"line":34,"column":10},"end":{"line":34,"column":36}},"13":{"start":{"line":35,"column":10},"end":{"line":35,"column":26}},"14":{"start":{"line":37,"column":10},"end":{"line":37,"column":36}},"15":{"start":{"line":38,"column":10},"end":{"line":38,"column":22}},"16":{"start":{"line":43,"column":8},"end":{"line":48,"column":11}},"17":{"start":{"line":50,"column":8},"end":{"line":50,"column":46}},"18":{"start":{"line":54,"column":26},"end":{"line":54,"column":31}},"19":{"start":{"line":55,"column":8},"end":{"line":55,"column":27}},"20":{"start":{"line":55,"column":20},"end":{"line":55,"column":27}},"21":{"start":{"line":57,"column":8},"end":{"line":63,"column":9}},"22":{"start":{"line":58,"column":23},"end":{"line":58,"column":57}},"23":{"start":{"line":59,"column":10},"end":{"line":59,"column":24}},"24":{"start":{"line":62,"column":10},"end":{"line":62,"column":25}},"25":{"start":{"line":68,"column":22},"end":{"line":68,"column":56}},"26":{"start":{"line":69,"column":8},"end":{"line":72,"column":9}},"27":{"start":{"line":70,"column":10},"end":{"line":70,"column":48}},"28":{"start":{"line":71,"column":10},"end":{"line":71,"column":30}},"29":{"start":{"line":77,"column":30},"end":{"line":81,"column":7}}},"fnMap":{"0":{"name":"(anonymous_0)","decl":{"start":{"line":7,"column":4},"end":{"line":7,"column":5}},"loc":{"start":{"line":7,"column":19},"end":{"line":74,"column":5}},"line":7},"1":{"name":"(anonymous_1)","decl":{"start":{"line":13,"column":13},"end":{"line":13,"column":14}},"loc":{"start":{"line":13,"column":40},"end":{"line":28,"column":7}},"line":13},"2":{"name":"(anonymous_2)","decl":{"start":{"line":30,"column":16},"end":{"line":30,"column":17}},"loc":{"start":{"line":30,"column":36},"end":{"line":40,"column":7}},"line":30},"3":{"name":"(anonymous_3)","decl":{"start":{"line":42,"column":14},"end":{"line":42,"column":15}},"loc":{"start":{"line":42,"column":20},"end":{"line":51,"column":7}},"line":42},"4":{"name":"(anonymous_4)","decl":{"start":{"line":53,"column":19},"end":{"line":53,"column":20}},"loc":{"start":{"line":53,"column":31},"end":{"line":64,"column":7}},"line":53},"5":{"name":"(anonymous_5)","decl":{"start":{"line":67,"column":22},"end":{"line":67,"column":23}},"loc":{"start":{"line":67,"column":28},"end":{"line":73,"column":7}},"line":67},"6":{"name":"(anonymous_6)","decl":{"start":{"line":77,"column":18},"end":{"line":77,"column":19}},"loc":{"start":{"line":77,"column":30},"end":{"line":81,"column":7}},"line":77}},"branchMap":{"0":{"loc":{"start":{"line":55,"column":8},"end":{"line":55,"column":27}},"type":"if","locations":[{"start":{"line":55,"column":8},"end":{"line":55,"column":27}},{"start":{},"end":{}}],"line":55},"1":{"loc":{"start":{"line":69,"column":8},"end":{"line":72,"column":9}},"type":"if","locations":[{"start":{"line":69,"column":8},"end":{"line":72,"column":9}},{"start":{},"end":{}}],"line":69}},"s":{"0":0,"1":0,"2":0,"3":0,"4":0,"5":0,"6":0,"7":0,"8":0,"9":0,"10":0,"11":0,"12":0,"13":0,"14":0,"15":0,"16":0,"17":0,"18":0,"19":0,"20":0,"21":0,"22":0,"23":0,"24":0,"25":0,"26":0,"27":0,"28":0,"29":0},"f":{"0":0,"1":0,"2":0,"3":0,"4":0,"5":0,"6":0},"b":{"0":[0,0],"1":[0,0]}}
,"/Users/iibrath/projects/TestingIBMVelocity/TestingIBMVelocity/frontend/src/stores/themeStore.js": {"path":"/Users/iibrath/projects/TestingIBMVelocity/TestingIBMVelocity/frontend/src/stores/themeStore.js","statementMap":{"0":{"start":{"line":4,"column":29},"end":{"line":26,"column":1}},"1":{"start":{"line":6,"column":14},"end":{"line":20,"column":5}},"2":{"start":{"line":9,"column":25},"end":{"line":9,"column":68}},"3":{"start":{"line":9,"column":41},"end":{"line":9,"column":66}},"4":{"start":{"line":11,"column":28},"end":{"line":11,"column":43}},"5":{"start":{"line":15,"column":8},"end":{"line":18,"column":9}},"6":{"start":{"line":16,"column":29},"end":{"line":16,"column":86}},"7":{"start":{"line":17,"column":10},"end":{"line":17,"column":38}},"8":{"start":{"line":23,"column":30},"end":{"line":23,"column":54}}},"fnMap":{"0":{"name":"(anonymous_0)","decl":{"start":{"line":6,"column":4},"end":{"line":6,"column":5}},"loc":{"start":{"line":6,"column":14},"end":{"line":20,"column":5}},"line":6},"1":{"name":"(anonymous_1)","decl":{"start":{"line":9,"column":19},"end":{"line":9,"column":20}},"loc":{"start":{"line":9,"column":25},"end":{"line":9,"column":68}},"line":9},"2":{"name":"(anonymous_2)","decl":{"start":{"line":9,"column":29},"end":{"line":9,"column":30}},"loc":{"start":{"line":9,"column":41},"end":{"line":9,"column":66}},"line":9},"3":{"name":"(anonymous_3)","decl":{"start":{"line":11,"column":16},"end":{"line":11,"column":17}},"loc":{"start":{"line":11,"column":28},"end":{"line":11,"column":43}},"line":11},"4":{"name":"(anonymous_4)","decl":{"start":{"line":14,"column":23},"end":{"line":14,"column":24}},"loc":{"start":{"line":14,"column":29},"end":{"line":19,"column":7}},"line":14},"5":{"name":"(anonymous_5)","decl":{"start":{"line":23,"column":18},"end":{"line":23,"column":19}},"loc":{"start":{"line":23,"column":30},"end":{"line":23,"column":54}},"line":23}},"branchMap":{"0":{"loc":{"start":{"line":15,"column":8},"end":{"line":18,"column":9}},"type":"if","locations":[{"start":{"line":15,"column":8},"end":{"line":18,"column":9}},{"start":{},"end":{}}],"line":15}},"s":{"0":0,"1":0,"2":0,"3":0,"4":0,"5":0,"6":0,"7":0,"8":0},"f":{"0":0,"1":0,"2":0,"3":0,"4":0,"5":0},"b":{"0":[0,0]}}
}
